TN:
SF:controllers\coins.js
FN:7,(anonymous_0)
FN:39,(anonymous_1)
FN:84,(anonymous_2)
FN:132,(anonymous_3)
FNF:4
FNH:1
FNDA:0,(anonymous_0)
FNDA:2,(anonymous_1)
FNDA:0,(anonymous_2)
FNDA:0,(anonymous_3)
DA:1,1
DA:2,1
DA:7,1
DA:8,0
DA:9,0
DA:11,0
DA:12,0
DA:17,0
DA:23,0
DA:25,0
DA:36,1
DA:37,1
DA:39,1
DA:40,2
DA:41,2
DA:42,2
DA:44,2
DA:45,0
DA:52,2
DA:54,2
DA:61,2
DA:63,1
DA:70,1
DA:71,1
DA:84,1
DA:85,0
DA:86,0
DA:87,0
DA:92,0
DA:93,0
DA:98,0
DA:100,0
DA:101,0
DA:106,0
DA:113,0
DA:120,0
DA:121,0
DA:132,1
DA:133,0
DA:134,0
DA:135,0
DA:140,0
DA:141,0
DA:146,0
DA:148,0
DA:149,0
DA:154,0
DA:155,0
DA:160,0
DA:167,0
DA:174,0
DA:175,0
LF:52
LH:18
BRDA:11,0,0,0
BRDA:11,0,1,0
BRDA:44,1,0,0
BRDA:44,1,1,2
BRDA:86,2,0,0
BRDA:86,2,1,0
BRDA:92,3,0,0
BRDA:92,3,1,0
BRDA:92,4,0,0
BRDA:92,4,1,0
BRDA:100,5,0,0
BRDA:100,5,1,0
BRDA:134,6,0,0
BRDA:134,6,1,0
BRDA:140,7,0,0
BRDA:140,7,1,0
BRDA:140,8,0,0
BRDA:140,8,1,0
BRDA:148,9,0,0
BRDA:148,9,1,0
BRDA:154,10,0,0
BRDA:154,10,1,0
BRF:22
BRH:1
end_of_record
TN:
SF:models\QrCode.js
FN:20,(anonymous_0)
FNF:1
FNH:0
FNDA:0,(anonymous_0)
DA:1,1
DA:4,1
DA:20,0
DA:34,1
LF:4
LH:3
BRF:0
BRH:0
end_of_record
TN:
SF:models\User.js
FN:59,(anonymous_0)
FN:68,(anonymous_1)
FN:75,(anonymous_2)
FNF:3
FNH:0
FNDA:0,(anonymous_0)
FNDA:0,(anonymous_1)
FNDA:0,(anonymous_2)
DA:1,1
DA:2,1
DA:3,1
DA:5,1
DA:59,1
DA:60,0
DA:61,0
DA:63,0
DA:64,0
DA:68,1
DA:69,0
DA:75,1
DA:76,0
DA:79,1
DA:86,1
DA:87,1
DA:89,1
LF:17
LH:11
BRDA:60,0,0,0
BRDA:60,0,1,0
BRF:2
BRH:0
end_of_record
