TN:
SF:controllers\coins.js
FN:12,(anonymous_0)
FN:42,(anonymous_1)
FN:87,(anonymous_2)
FN:137,(anonymous_3)
FN:191,(anonymous_4)
FN:239,(anonymous_5)
FN:288,(anonymous_6)
FNF:7
FNH:6
FNDA:3,(anonymous_0)
FNDA:3,(anonymous_1)
FNDA:7,(anonymous_2)
FNDA:6,(anonymous_3)
FNDA:6,(anonymous_4)
FNDA:6,(anonymous_5)
FNDA:0,(anonymous_6)
DA:1,3
DA:2,3
DA:3,3
DA:4,3
DA:5,3
DA:6,3
DA:7,3
DA:12,3
DA:13,3
DA:14,3
DA:16,2
DA:17,1
DA:22,1
DA:28,1
DA:30,1
DA:42,3
DA:43,3
DA:44,3
DA:45,3
DA:47,3
DA:48,1
DA:55,2
DA:57,2
DA:64,2
DA:66,1
DA:73,1
DA:74,1
DA:87,3
DA:88,7
DA:89,7
DA:90,2
DA:95,5
DA:96,1
DA:101,4
DA:103,4
DA:104,1
DA:111,3
DA:118,2
DA:125,1
DA:126,1
DA:137,3
DA:138,6
DA:139,6
DA:140,1
DA:145,5
DA:146,1
DA:151,4
DA:153,3
DA:154,1
DA:159,2
DA:160,1
DA:165,1
DA:172,1
DA:179,1
DA:180,1
DA:191,3
DA:192,6
DA:193,6
DA:195,6
DA:197,4
DA:198,1
DA:203,3
DA:204,3
DA:206,3
DA:207,1
DA:213,2
DA:214,1
DA:219,1
DA:225,1
DA:227,2
DA:228,2
DA:239,3
DA:240,6
DA:242,6
DA:243,2
DA:248,4
DA:250,3
DA:251,1
DA:256,2
DA:257,2
DA:260,0
DA:261,0
DA:268,0
DA:269,0
DA:270,0
DA:272,0
DA:274,0
DA:276,1
DA:277,1
DA:288,3
DA:289,0
DA:290,0
DA:292,0
DA:293,0
DA:298,0
DA:304,0
DA:305,0
LF:97
LH:83
BRDA:16,0,0,1
BRDA:16,0,1,1
BRDA:47,1,0,1
BRDA:47,1,1,2
BRDA:89,2,0,2
BRDA:89,2,1,5
BRDA:95,3,0,1
BRDA:95,3,1,4
BRDA:95,4,0,5
BRDA:95,4,1,5
BRDA:103,5,0,1
BRDA:103,5,1,3
BRDA:139,6,0,1
BRDA:139,6,1,5
BRDA:145,7,0,1
BRDA:145,7,1,4
BRDA:145,8,0,5
BRDA:145,8,1,5
BRDA:153,9,0,1
BRDA:153,9,1,2
BRDA:159,10,0,1
BRDA:159,10,1,1
BRDA:197,11,0,1
BRDA:197,11,1,3
BRDA:206,12,0,1
BRDA:206,12,1,2
BRDA:213,13,0,1
BRDA:213,13,1,1
BRDA:242,14,0,2
BRDA:242,14,1,4
BRDA:250,15,0,1
BRDA:250,15,1,2
BRDA:256,16,0,2
BRDA:256,16,1,0
BRDA:260,17,0,0
BRDA:260,17,1,0
BRDA:260,18,0,0
BRDA:260,18,1,0
BRDA:292,19,0,0
BRDA:292,19,1,0
BRF:40
BRH:33
end_of_record
TN:
SF:models\Booking.js
FN:34,(anonymous_0)
FNF:1
FNH:0
FNDA:0,(anonymous_0)
DA:1,3
DA:3,3
DA:34,3
DA:35,0
DA:36,0
DA:38,0
DA:42,3
DA:44,3
LF:8
LH:5
BRDA:35,0,0,0
BRDA:35,0,1,0
BRF:2
BRH:0
end_of_record
TN:
SF:models\CarProvider.js
FNF:0
FNH:0
DA:1,1
DA:3,1
DA:62,1
DA:64,1
DA:70,1
LF:5
LH:5
BRF:0
BRH:0
end_of_record
TN:
SF:models\QrCode.js
FN:20,(anonymous_0)
FNF:1
FNH:0
FNDA:0,(anonymous_0)
DA:1,3
DA:4,3
DA:20,0
DA:34,3
LF:4
LH:3
BRF:0
BRH:0
end_of_record
TN:
SF:models\User.js
FN:59,(anonymous_0)
FN:68,(anonymous_1)
FN:75,(anonymous_2)
FNF:3
FNH:0
FNDA:0,(anonymous_0)
FNDA:0,(anonymous_1)
FNDA:0,(anonymous_2)
DA:1,3
DA:2,3
DA:3,3
DA:5,3
DA:59,3
DA:60,0
DA:61,0
DA:63,0
DA:64,0
DA:68,3
DA:69,0
DA:75,3
DA:76,0
DA:79,3
DA:86,3
DA:87,3
DA:89,3
LF:17
LH:11
BRDA:60,0,0,0
BRDA:60,0,1,0
BRF:2
BRH:0
end_of_record
